# JRE version: OpenJDK Runtime Environment Temurin-21.0.10+7 (21.0.10+7) (build 21.0.10+7-LTS)
# Java VM: OpenJDK 64-Bit Server VM Temurin-21.0.10+7 (21.0.10+7-LTS, mixed mode, sharing, tiered, compressed oops, compressed class ptrs, parallel gc, windows-amd64)
GC Precious Log:
 CardTable entry size: 512
 CPUs: 8 total, 8 available
 Memory: 7914M
 Large Page Support: Disabled
 NUMA Support: Disabled
 Compressed Oops: Enabled (32-bit)
 Alignments: Space 512K, Generation 512K, Heap 2M
 Heap Min Capacity: 100M
 Heap Initial Capacity: 100M
 Heap Max Capacity: 2G
 Pre-touch: Disabled
 Parallel Workers: 8
Heap:
 PSYoungGen      total 1536K, used 1431K [0x00000000d5580000, 0x00000000d5800000, 0x0000000100000000)
  eden space 1024K, 100% used [0x00000000d5580000,0x00000000d5680000,0x00000000d5680000)
  from space 512K, 79% used [0x00000000d5700000,0x00000000d5765dd0,0x00000000d5780000)
  to   space 512K, 0% used [0x00000000d5780000,0x00000000d5780000,0x00000000d5800000)
 ParOldGen       total 274432K, used 274285K [0x0000000080000000, 0x0000000090c00000, 0x00000000d5580000)
  object space 274432K, 99% used [0x0000000080000000,0x0000000090bdb498,0x0000000090c00000)
 Metaspace       used 73404K, committed 75072K, reserved 1179648K
  class space    used 7467K, committed 8256K, reserved 1048576K
GC Heap History (20 events):
Event: 2283.475 GC heap before
{Heap before GC invocations=333 (full 3):
 PSYoungGen      total 2048K, used 1920K [0x00000000d5580000, 0x00000000d5880000, 0x0000000100000000)
  eden space 1024K, 100% used [0x00000000d5580000,0x00000000d5680000,0x00000000d5680000)
  from space 1024K, 87% used [0x00000000d5700000,0x00000000d57e0000,0x00000000d5800000)
  to   space 512K, 0% used [0x00000000d5800000,0x00000000d5800000,0x00000000d5880000)
 ParOldGen       total 269824K, used 269457K [0x0000000080000000, 0x0000000090780000, 0x00000000d5580000)
  object space 269824K, 99% used [0x0000000080000000,0x00000000907245c8,0x0000000090780000)
 Metaspace       used 73346K, committed 75008K, reserved 1179648K
  class space    used 7467K, committed 8256K, reserved 1048576K
}
Event: 2283.478 GC heap after
{Heap after GC invocations=333 (full 3):
 PSYoungGen      total 1536K, used 496K [0x00000000d5580000, 0x00000000d5980000, 0x0000000100000000)
  eden space 1024K, 0% used [0x00000000d5580000,0x00000000d5580000,0x00000000d5680000)
  from space 512K, 96% used [0x00000000d5800000,0x00000000d587c010,0x00000000d5880000)
  to   space 1536K, 0% used [0x00000000d5680000,0x00000000d5680000,0x00000000d5800000)
 ParOldGen       total 270336K, used 270233K [0x0000000080000000, 0x0000000090800000, 0x00000000d5580000)
  object space 270336K, 99% used [0x0000000080000000,0x00000000907e65c8,0x0000000090800000)
 Metaspace       used 73346K, committed 75008K, reserved 1179648K
  class space    used 7467K, committed 8256K, reserved 1048576K
}
Event: 2283.489 GC heap before
{Heap before GC invocations=334 (full 3):
 PSYoungGen      total 1536K, used 1359K [0x00000000d5580000, 0x00000000d5980000, 0x0000000100000000)
  eden space 1024K, 84% used [0x00000000d5580000,0x00000000d5657e58,0x00000000d5680000)
  from space 512K, 96% used [0x00000000d5800000,0x00000000d587c010,0x00000000d5880000)
  to   space 1536K, 0% used [0x00000000d5680000,0x00000000d5680000,0x00000000d5800000)
 ParOldGen       total 270336K, used 270233K [0x0000000080000000, 0x0000000090800000, 0x00000000d5580000)
  object space 270336K, 99% used [0x0000000080000000,0x00000000907e65c8,0x0000000090800000)
 Metaspace       used 73346K, committed 75008K, reserved 1179648K
  class space    used 7467K, committed 8256K, reserved 1048576K
}
Event: 2283.493 GC heap after
{Heap after GC invocations=334 (full 3):
 PSYoungGen      total 2048K, used 800K [0x00000000d5580000, 0x00000000d5880000, 0x0000000100000000)
  eden space 1024K, 0% used [0x00000000d5580000,0x00000000d5580000,0x00000000d5680000)
  from space 1024K, 78% used [0x00000000d5680000,0x00000000d5748000,0x00000000d5780000)
  to   space 1024K, 0% used [0x00000000d5780000,0x00000000d5780000,0x00000000d5880000)
 ParOldGen       total 270848K, used 270601K [0x0000000080000000, 0x0000000090880000, 0x00000000d5580000)
  object space 270848K, 99% used [0x0000000080000000,0x00000000908425e8,0x0000000090880000)
 Metaspace       used 73346K, committed 75008K, reserved 1179648K
  class space    used 7467K, committed 8256K, reserved 1048576K
}
Event: 2283.502 GC heap before
{Heap before GC invocations=335 (full 3):
 PSYoungGen      total 2048K, used 1824K [0x00000000d5580000, 0x00000000d5880000, 0x0000000100000000)
  eden space 1024K, 100% used [0x00000000d5580000,0x00000000d5680000,0x00000000d5680000)
  from space 1024K, 78% used [0x00000000d5680000,0x00000000d5748000,0x00000000d5780000)
  to   space 1024K, 0% used [0x00000000d5780000,0x00000000d5780000,0x00000000d5880000)
 ParOldGen       total 270848K, used 270601K [0x0000000080000000, 0x0000000090880000, 0x00000000d5580000)
  object space 270848K, 99% used [0x0000000080000000,0x00000000908425e8,0x0000000090880000)
 Metaspace       used 73346K, committed 75008K, reserved 1179648K
  class space    used 7467K, committed 8256K, reserved 1048576K
}
Event: 2283.504 GC heap after
{Heap after GC invocations=335 (full 3):
 PSYoungGen      total 2048K, used 734K [0x00000000d5580000, 0x00000000d5880000, 0x0000000100000000)
  eden space 1024K, 0% used [0x00000000d5580000,0x00000000d5580000,0x00000000d5680000)
  from space 1024K, 71% used [0x00000000d5780000,0x00000000d5837960,0x00000000d5880000)
  to   space 1024K, 0% used [0x00000000d5680000,0x00000000d5680000,0x00000000d5780000)
 ParOldGen       total 271872K, used 271721K [0x0000000080000000, 0x0000000090980000, 0x00000000d5580000)
  object space 271872K, 99% used [0x0000000080000000,0x000000009095a5e8,0x0000000090980000)
 Metaspace       used 73346K, committed 75008K, reserved 1179648K
  class space    used 7467K, committed 8256K, reserved 1048576K
}
Event: 2283.533 GC heap before
{Heap before GC invocations=336 (full 3):
 PSYoungGen      total 2048K, used 1758K [0x00000000d5580000, 0x00000000d5880000, 0x0000000100000000)
  eden space 1024K, 100% used [0x00000000d5580000,0x00000000d5680000,0x00000000d5680000)
  from space 1024K, 71% used [0x00000000d5780000,0x00000000d5837960,0x00000000d5880000)
  to   space 1024K, 0% used [0x00000000d5680000,0x00000000d5680000,0x00000000d5780000)
 ParOldGen       total 271872K, used 271721K [0x0000000080000000, 0x0000000090980000, 0x00000000d5580000)
  object space 271872K, 99% used [0x0000000080000000,0x000000009095a5e8,0x0000000090980000)
 Metaspace       used 73351K, committed 75008K, reserved 1179648K
  class space    used 7467K, committed 8256K, reserved 1048576K
}
Event: 2283.535 GC heap after
{Heap after GC invocations=336 (full 3):
 PSYoungGen      total 2048K, used 448K [0x00000000d5580000, 0x00000000d5880000, 0x0000000100000000)
  eden space 1024K, 0% used [0x00000000d5580000,0x00000000d5580000,0x00000000d5680000)
  from space 1024K, 43% used [0x00000000d5680000,0x00000000d56f0000,0x00000000d5780000)
  to   space 1024K, 0% used [0x00000000d5780000,0x00000000d5780000,0x00000000d5880000)
 ParOldGen       total 272384K, used 272249K [0x0000000080000000, 0x0000000090a00000, 0x00000000d5580000)
  object space 272384K, 99% used [0x0000000080000000,0x00000000909de5e8,0x0000000090a00000)
 Metaspace       used 73351K, committed 75008K, reserved 1179648K
  class space    used 7467K, committed 8256K, reserved 1048576K
}
Event: 2283.576 GC heap before
{Heap before GC invocations=337 (full 3):
 PSYoungGen      total 2048K, used 1472K [0x00000000d5580000, 0x00000000d5880000, 0x0000000100000000)
  eden space 1024K, 100% used [0x00000000d5580000,0x00000000d5680000,0x00000000d5680000)
  from space 1024K, 43% used [0x00000000d5680000,0x00000000d56f0000,0x00000000d5780000)
  to   space 1024K, 0% used [0x00000000d5780000,0x00000000d5780000,0x00000000d5880000)
 ParOldGen       total 272384K, used 272249K [0x0000000080000000, 0x0000000090a00000, 0x00000000d5580000)
  object space 272384K, 99% used [0x0000000080000000,0x00000000909de5e8,0x0000000090a00000)
 Metaspace       used 73351K, committed 75008K, reserved 1179648K
  class space    used 7467K, committed 8256K, reserved 1048576K
}
Event: 2283.578 GC heap after
{Heap after GC invocations=337 (full 3):
 PSYoungGen      total 1536K, used 416K [0x00000000d5580000, 0x00000000d5800000, 0x0000000100000000)
  eden space 1024K, 0% used [0x00000000d5580000,0x00000000d5580000,0x00000000d5680000)
  from space 512K, 81% used [0x00000000d5780000,0x00000000d57e8000,0x00000000d5800000)
  to   space 512K, 0% used [0x00000000d5700000,0x00000000d5700000,0x00000000d5780000)
 ParOldGen       total 272896K, used 272617K [0x0000000080000000, 0x0000000090a80000, 0x00000000d5580000)
  object space 272896K, 99% used [0x0000000080000000,0x0000000090a3a5e8,0x0000000090a80000)
 Metaspace       used 73351K, committed 75008K, reserved 1179648K
  class space    used 7467K, committed 8256K, reserved 1048576K
}
Event: 2283.615 GC heap before
{Heap before GC invocations=338 (full 3):
 PSYoungGen      total 1536K, used 1440K [0x00000000d5580000, 0x00000000d5800000, 0x0000000100000000)
  eden space 1024K, 100% used [0x00000000d5580000,0x00000000d5680000,0x00000000d5680000)
  from space 512K, 81% used [0x00000000d5780000,0x00000000d57e8000,0x00000000d5800000)
  to   space 512K, 0% used [0x00000000d5700000,0x00000000d5700000,0x00000000d5780000)
 ParOldGen       total 272896K, used 272617K [0x0000000080000000, 0x0000000090a80000, 0x00000000d5580000)
  object space 272896K, 99% used [0x0000000080000000,0x0000000090a3a5e8,0x0000000090a80000)
 Metaspace       used 73359K, committed 75008K, reserved 1179648K
  class space    used 7467K, committed 8256K, reserved 1048576K
}
Event: 2283.619 GC heap after
{Heap after GC invocations=338 (full 3):
 PSYoungGen      total 1536K, used 352K [0x00000000d5580000, 0x00000000d5800000, 0x0000000100000000)
  eden space 1024K, 0% used [0x00000000d5580000,0x00000000d5580000,0x00000000d5680000)
  from space 512K, 68% used [0x00000000d5700000,0x00000000d5758000,0x00000000d5780000)
  to   space 512K, 0% used [0x00000000d5780000,0x00000000d5780000,0x00000000d5800000)
 ParOldGen       total 273408K, used 272897K [0x0000000080000000, 0x0000000090b00000, 0x00000000d5580000)
  object space 273408K, 99% used [0x0000000080000000,0x0000000090a805e8,0x0000000090b00000)
 Metaspace       used 73359K, committed 75008K, reserved 1179648K
  class space    used 7467K, committed 8256K, reserved 1048576K
}
Event: 2283.646 GC heap before
{Heap before GC invocations=339 (full 3):
 PSYoungGen      total 1536K, used 1376K [0x00000000d5580000, 0x00000000d5800000, 0x0000000100000000)
  eden space 1024K, 100% used [0x00000000d5580000,0x00000000d5680000,0x00000000d5680000)
  from space 512K, 68% used [0x00000000d5700000,0x00000000d5758000,0x00000000d5780000)
  to   space 512K, 0% used [0x00000000d5780000,0x00000000d5780000,0x00000000d5800000)
 ParOldGen       total 273408K, used 272897K [0x0000000080000000, 0x0000000090b00000, 0x00000000d5580000)
  object space 273408K, 99% used [0x0000000080000000,0x0000000090a805e8,0x0000000090b00000)
 Metaspace       used 73375K, committed 75008K, reserved 1179648K
  class space    used 7467K, committed 8256K, reserved 1048576K
}
Event: 2283.649 GC heap after
{Heap after GC invocations=339 (full 3):
 PSYoungGen      total 1536K, used 448K [0x00000000d5580000, 0x00000000d5800000, 0x0000000100000000)
  eden space 1024K, 0% used [0x00000000d5580000,0x00000000d5580000,0x00000000d5680000)
  from space 512K, 87% used [0x00000000d5780000,0x00000000d57f0000,0x00000000d5800000)
  to   space 512K, 0% used [0x00000000d5700000,0x00000000d5700000,0x00000000d5780000)
 ParOldGen       total 273408K, used 273121K [0x0000000080000000, 0x0000000090b00000, 0x00000000d5580000)
  object space 273408K, 99% used [0x0000000080000000,0x0000000090ab85e8,0x0000000090b00000)
 Metaspace       used 73375K, committed 75008K, reserved 1179648K
  class space    used 7467K, committed 8256K, reserved 1048576K
}
Event: 2283.662 GC heap before
{Heap before GC invocations=340 (full 3):
 PSYoungGen      total 1536K, used 1472K [0x00000000d5580000, 0x00000000d5800000, 0x0000000100000000)
  eden space 1024K, 100% used [0x00000000d5580000,0x00000000d5680000,0x00000000d5680000)
  from space 512K, 87% used [0x00000000d5780000,0x00000000d57f0000,0x00000000d5800000)
  to   space 512K, 0% used [0x00000000d5700000,0x00000000d5700000,0x00000000d5780000)
 ParOldGen       total 273408K, used 273121K [0x0000000080000000, 0x0000000090b00000, 0x00000000d5580000)
  object space 273408K, 99% used [0x0000000080000000,0x0000000090ab85e8,0x0000000090b00000)
 Metaspace       used 73377K, committed 75008K, reserved 1179648K
  class space    used 7467K, committed 8256K, reserved 1048576K
}
Event: 2283.665 GC heap after
{Heap after GC invocations=340 (full 3):
 PSYoungGen      total 1536K, used 320K [0x00000000d5580000, 0x00000000d5800000, 0x0000000100000000)
  eden space 1024K, 0% used [0x00000000d5580000,0x00000000d5580000,0x00000000d5680000)
  from space 512K, 62% used [0x00000000d5700000,0x00000000d5750000,0x00000000d5780000)
  to   space 512K, 0% used [0x00000000d5780000,0x00000000d5780000,0x00000000d5800000)
 ParOldGen       total 273920K, used 273413K [0x0000000080000000, 0x0000000090b80000, 0x00000000d5580000)
  object space 273920K, 99% used [0x0000000080000000,0x0000000090b01608,0x0000000090b80000)
 Metaspace       used 73377K, committed 75008K, reserved 1179648K
  class space    used 7467K, committed 8256K, reserved 1048576K
}
Event: 2283.684 GC heap before
{Heap before GC invocations=341 (full 3):
 PSYoungGen      total 1536K, used 1342K [0x00000000d5580000, 0x00000000d5800000, 0x0000000100000000)
  eden space 1024K, 99% used [0x00000000d5580000,0x00000000d567fb88,0x00000000d5680000)
  from space 512K, 62% used [0x00000000d5700000,0x00000000d5750000,0x00000000d5780000)
  to   space 512K, 0% used [0x00000000d5780000,0x00000000d5780000,0x00000000d5800000)
 ParOldGen       total 273920K, used 273413K [0x0000000080000000, 0x0000000090b80000, 0x00000000d5580000)
  object space 273920K, 99% used [0x0000000080000000,0x0000000090b01608,0x0000000090b80000)
 Metaspace       used 73380K, committed 75008K, reserved 1179648K
  class space    used 7467K, committed 8256K, reserved 1048576K
}
Event: 2283.687 GC heap after
{Heap after GC invocations=341 (full 3):
 PSYoungGen      total 1536K, used 461K [0x00000000d5580000, 0x00000000d5800000, 0x0000000100000000)
  eden space 1024K, 0% used [0x00000000d5580000,0x00000000d5580000,0x00000000d5680000)
  from space 512K, 90% used [0x00000000d5780000,0x00000000d57f3508,0x00000000d5800000)
  to   space 512K, 0% used [0x00000000d5700000,0x00000000d5700000,0x00000000d5780000)
 ParOldGen       total 273920K, used 273613K [0x0000000080000000, 0x0000000090b80000, 0x00000000d5580000)
  object space 273920K, 99% used [0x0000000080000000,0x0000000090b33608,0x0000000090b80000)
 Metaspace       used 73380K, committed 75008K, reserved 1179648K
  class space    used 7467K, committed 8256K, reserved 1048576K
}
Event: 2283.751 GC heap before
{Heap before GC invocations=342 (full 3):
 PSYoungGen      total 1536K, used 1485K [0x00000000d5580000, 0x00000000d5800000, 0x0000000100000000)
  eden space 1024K, 99% used [0x00000000d5580000,0x00000000d567ffd8,0x00000000d5680000)
  from space 512K, 90% used [0x00000000d5780000,0x00000000d57f3508,0x00000000d5800000)
  to   space 512K, 0% used [0x00000000d5700000,0x00000000d5700000,0x00000000d5780000)
 ParOldGen       total 273920K, used 273613K [0x0000000080000000, 0x0000000090b80000, 0x00000000d5580000)
  object space 273920K, 99% used [0x0000000080000000,0x0000000090b33608,0x0000000090b80000)
 Metaspace       used 73392K, committed 75008K, reserved 1179648K
  class space    used 7467K, committed 8256K, reserved 1048576K
}
Event: 2283.753 GC heap after
{Heap after GC invocations=342 (full 3):
 PSYoungGen      total 1536K, used 352K [0x00000000d5580000, 0x00000000d5800000, 0x0000000100000000)
  eden space 1024K, 0% used [0x00000000d5580000,0x00000000d5580000,0x00000000d5680000)
  from space 512K, 68% used [0x00000000d5700000,0x00000000d5758000,0x00000000d5780000)
  to   space 512K, 0% used [0x00000000d5780000,0x00000000d5780000,0x00000000d5800000)
 ParOldGen       total 273920K, used 273873K [0x0000000080000000, 0x0000000090b80000, 0x00000000d5580000)
  object space 273920K, 99% used [0x0000000080000000,0x0000000090b745a8,0x0000000090b80000)
 Metaspace       used 73392K, committed 75008K, reserved 1179648K
  class space    used 7467K, committed 8256K, reserved 1048576K
}

